c:\users\chinm\desktop\project 2\chinmay_vanjare_project2_968717712\project2starter\project2starter\x64\debug\vc141.pdb
c:\users\chinm\desktop\project 2\chinmay_vanjare_project2_968717712\project2starter\project2starter\x64\debug\vc141.idb
c:\users\chinm\desktop\project 2\chinmay_vanjare_project2_968717712\project2starter\project2starter\x64\debug\parser.obj
c:\users\chinm\desktop\project 2\chinmay_vanjare_project2_968717712\project2starter\project2starter\x64\debug\executive.obj
c:\users\chinm\desktop\project 2\chinmay_vanjare_project2_968717712\project2starter\project2starter\x64\debug\configureparser.obj
c:\users\chinm\desktop\project 2\chinmay_vanjare_project2_968717712\project2starter\project2starter\x64\debug\actionsandrules.obj
c:\users\chinm\desktop\project 2\chinmay_vanjare_project2_968717712\project2starter\project2starter\x64\debug\utilities.obj
c:\users\chinm\desktop\project 2\chinmay_vanjare_project2_968717712\project2starter\project2starter\x64\debug\toker.obj
c:\users\chinm\desktop\project 2\chinmay_vanjare_project2_968717712\project2starter\project2starter\x64\debug\semi.obj
c:\users\chinm\desktop\project 2\chinmay_vanjare_project2_968717712\project2starter\project2starter\x64\debug\scopestack.obj
c:\users\chinm\desktop\project 2\chinmay_vanjare_project2_968717712\project2starter\project2starter\x64\debug\logger.obj
c:\users\chinm\desktop\project 2\chinmay_vanjare_project2_968717712\project2starter\project2starter\x64\debug\loader.obj
c:\users\chinm\desktop\project 2\chinmay_vanjare_project2_968717712\project2starter\project2starter\x64\debug\grammarhelpers.obj
c:\users\chinm\desktop\project 2\chinmay_vanjare_project2_968717712\project2starter\project2starter\x64\debug\filesystem.obj
c:\users\chinm\desktop\project 2\chinmay_vanjare_project2_968717712\project2starter\project2starter\x64\debug\display.obj
c:\users\chinm\desktop\project 2\chinmay_vanjare_project2_968717712\project2starter\project2starter\x64\debug\converter.obj
c:\users\chinm\desktop\project 2\chinmay_vanjare_project2_968717712\project2starter\project2starter\x64\debug\abstrsyntree.obj
c:\users\chinm\desktop\project 3\chinmayvanjare_project2\project 2\chinmay_vanjare_project2_968717712\project2starter\project2starter\x64\debug\vc141.pdb
c:\users\chinm\desktop\project 3\chinmayvanjare_project2\project 2\chinmay_vanjare_project2_968717712\project2starter\project2starter\x64\debug\vc141.idb
c:\users\chinm\desktop\project 3\chinmayvanjare_project2\project 2\chinmay_vanjare_project2_968717712\project2starter\project2starter\x64\debug\parser.obj
c:\users\chinm\desktop\project 3\chinmayvanjare_project2\project 2\chinmay_vanjare_project2_968717712\project2starter\project2starter\x64\debug\executive.obj
c:\users\chinm\desktop\project 3\chinmayvanjare_project2\project 2\chinmay_vanjare_project2_968717712\project2starter\project2starter\x64\debug\configureparser.obj
c:\users\chinm\desktop\project 3\chinmayvanjare_project2\project 2\chinmay_vanjare_project2_968717712\project2starter\project2starter\x64\debug\actionsandrules.obj
c:\users\chinm\desktop\project 3\chinmayvanjare_project2\project 2\chinmay_vanjare_project2_968717712\project2starter\project2starter\x64\debug\utilities.obj
c:\users\chinm\desktop\project 3\chinmayvanjare_project2\project 2\chinmay_vanjare_project2_968717712\project2starter\project2starter\x64\debug\toker.obj
c:\users\chinm\desktop\project 3\chinmayvanjare_project2\project 2\chinmay_vanjare_project2_968717712\project2starter\project2starter\x64\debug\semi.obj
c:\users\chinm\desktop\project 3\chinmayvanjare_project2\project 2\chinmay_vanjare_project2_968717712\project2starter\project2starter\x64\debug\scopestack.obj
c:\users\chinm\desktop\project 3\chinmayvanjare_project2\project 2\chinmay_vanjare_project2_968717712\project2starter\project2starter\x64\debug\logger.obj
c:\users\chinm\desktop\project 3\chinmayvanjare_project2\project 2\chinmay_vanjare_project2_968717712\project2starter\project2starter\x64\debug\loader.obj
c:\users\chinm\desktop\project 3\chinmayvanjare_project2\project 2\chinmay_vanjare_project2_968717712\project2starter\project2starter\x64\debug\grammarhelpers.obj
c:\users\chinm\desktop\project 3\chinmayvanjare_project2\project 2\chinmay_vanjare_project2_968717712\project2starter\project2starter\x64\debug\filesystem.obj
c:\users\chinm\desktop\project 3\chinmayvanjare_project2\project 2\chinmay_vanjare_project2_968717712\project2starter\project2starter\x64\debug\display.obj
c:\users\chinm\desktop\project 3\chinmayvanjare_project2\project 2\chinmay_vanjare_project2_968717712\project2starter\project2starter\x64\debug\converter.obj
c:\users\chinm\desktop\project 3\chinmayvanjare_project2\project 2\chinmay_vanjare_project2_968717712\project2starter\project2starter\x64\debug\abstrsyntree.obj
c:\users\chinm\desktop\project 3\chinmayvanjare_project2\project 2\chinmay_vanjare_project2_968717712\project2starter\project2starter\x64\debug\project2starter.pdb
c:\users\chinm\desktop\project 3\chinmayvanjare_project2\project 2\chinmay_vanjare_project2_968717712\project2starter\project2starter\x64\debug\project2starter.idb
c:\users\chinm\desktop\project 3\chinmayvanjare_project2\project 2\chinmay_vanjare_project2_968717712\project2starter\x64\debug\project2starter.lib
c:\users\chinm\desktop\project 2\chinmay_vanjare_project2_968717712\project2starter\x64\debug\project2starter.ilk
c:\users\chinm\desktop\project 2\chinmay_vanjare_project2_968717712\project2starter\x64\debug\project2starter.exe
c:\users\chinm\desktop\project 2\chinmay_vanjare_project2_968717712\project2starter\x64\debug\project2starter.pdb
c:\users\chinm\desktop\project 3\chinmayvanjare_project2\project 2\chinmay_vanjare_project2_968717712\project2starter\x64\debug\project2starter.pdb
c:\users\chinm\desktop\project 3\chinmayvanjare_project2\project 2\chinmay_vanjare_project2_968717712\project2starter\project2starter\x64\debug\project2starter.tlog\cl.command.1.tlog
c:\users\chinm\desktop\project 3\chinmayvanjare_project2\project 2\chinmay_vanjare_project2_968717712\project2starter\project2starter\x64\debug\project2starter.tlog\cl.read.1.tlog
c:\users\chinm\desktop\project 3\chinmayvanjare_project2\project 2\chinmay_vanjare_project2_968717712\project2starter\project2starter\x64\debug\project2starter.tlog\cl.write.1.tlog
c:\users\chinm\desktop\project 3\chinmayvanjare_project2\project 2\chinmay_vanjare_project2_968717712\project2starter\project2starter\x64\debug\project2starter.tlog\lib-link.read.1.tlog
c:\users\chinm\desktop\project 3\chinmayvanjare_project2\project 2\chinmay_vanjare_project2_968717712\project2starter\project2starter\x64\debug\project2starter.tlog\lib-link.write.1.tlog
c:\users\chinm\desktop\project 3\chinmayvanjare_project2\project 2\chinmay_vanjare_project2_968717712\project2starter\project2starter\x64\debug\project2starter.tlog\lib.command.1.tlog
c:\users\chinm\desktop\project 3\chinmayvanjare_project2\project 2\chinmay_vanjare_project2_968717712\project2starter\project2starter\x64\debug\project2starter.tlog\link-cvtres.read.1.tlog
c:\users\chinm\desktop\project 3\chinmayvanjare_project2\project 2\chinmay_vanjare_project2_968717712\project2starter\project2starter\x64\debug\project2starter.tlog\link-cvtres.write.1.tlog
c:\users\chinm\desktop\project 3\chinmayvanjare_project2\project 2\chinmay_vanjare_project2_968717712\project2starter\project2starter\x64\debug\project2starter.tlog\link-rc.read.1.tlog
c:\users\chinm\desktop\project 3\chinmayvanjare_project2\project 2\chinmay_vanjare_project2_968717712\project2starter\project2starter\x64\debug\project2starter.tlog\link-rc.write.1.tlog
c:\users\chinm\desktop\project 3\chinmayvanjare_project2\project 2\chinmay_vanjare_project2_968717712\project2starter\project2starter\x64\debug\project2starter.tlog\link.13492-cvtres.read.1.tlog
c:\users\chinm\desktop\project 3\chinmayvanjare_project2\project 2\chinmay_vanjare_project2_968717712\project2starter\project2starter\x64\debug\project2starter.tlog\link.13492-cvtres.write.1.tlog
c:\users\chinm\desktop\project 3\chinmayvanjare_project2\project 2\chinmay_vanjare_project2_968717712\project2starter\project2starter\x64\debug\project2starter.tlog\link.13492-rc.read.1.tlog
c:\users\chinm\desktop\project 3\chinmayvanjare_project2\project 2\chinmay_vanjare_project2_968717712\project2starter\project2starter\x64\debug\project2starter.tlog\link.13492-rc.write.1.tlog
c:\users\chinm\desktop\project 3\chinmayvanjare_project2\project 2\chinmay_vanjare_project2_968717712\project2starter\project2starter\x64\debug\project2starter.tlog\link.13492.read.1.tlog
c:\users\chinm\desktop\project 3\chinmayvanjare_project2\project 2\chinmay_vanjare_project2_968717712\project2starter\project2starter\x64\debug\project2starter.tlog\link.13492.write.1.tlog
c:\users\chinm\desktop\project 3\chinmayvanjare_project2\project 2\chinmay_vanjare_project2_968717712\project2starter\project2starter\x64\debug\project2starter.tlog\link.command.1.tlog
c:\users\chinm\desktop\project 3\chinmayvanjare_project2\project 2\chinmay_vanjare_project2_968717712\project2starter\project2starter\x64\debug\project2starter.tlog\link.read.1.tlog
c:\users\chinm\desktop\project 3\chinmayvanjare_project2\project 2\chinmay_vanjare_project2_968717712\project2starter\project2starter\x64\debug\project2starter.tlog\link.write.1.tlog
