c:\users\kuldeep\desktop\project2starter\project2starter\debug\project2starter.pdb
c:\users\kuldeep\desktop\project2starter\project2starter\debug\project2starter.idb
c:\users\kuldeep\desktop\project2starter\project2starter\debug\parser.obj
c:\users\kuldeep\desktop\project2starter\project2starter\debug\executive.obj
c:\users\kuldeep\desktop\project2starter\project2starter\debug\configureparser.obj
c:\users\kuldeep\desktop\project2starter\project2starter\debug\actionsandrules.obj
c:\users\kuldeep\desktop\project2starter\project2starter\debug\utilities.obj
c:\users\kuldeep\desktop\project2starter\project2starter\debug\toker.obj
c:\users\kuldeep\desktop\project2starter\project2starter\debug\semi.obj
c:\users\kuldeep\desktop\project2starter\project2starter\debug\scopestack.obj
c:\users\kuldeep\desktop\project2starter\project2starter\debug\logger.obj
c:\users\kuldeep\desktop\project2starter\project2starter\debug\loader.obj
c:\users\kuldeep\desktop\project2starter\project2starter\debug\grammarhelpers.obj
c:\users\kuldeep\desktop\project2starter\project2starter\debug\filesystem.obj
c:\users\kuldeep\desktop\project2starter\project2starter\debug\display.obj
c:\users\kuldeep\desktop\project2starter\project2starter\debug\converter.obj
c:\users\kuldeep\desktop\project2starter\project2starter\debug\abstrsyntree.obj
c:\users\kuldeep\desktop\project2starter\debug\project2starter.lib
c:\users\kuldeep\desktop\project2starter\project2starter\debug\project2starter.tlog\cl.command.1.tlog
c:\users\kuldeep\desktop\project2starter\project2starter\debug\project2starter.tlog\cl.read.1.tlog
c:\users\kuldeep\desktop\project2starter\project2starter\debug\project2starter.tlog\cl.write.1.tlog
c:\users\kuldeep\desktop\project2starter\project2starter\debug\project2starter.tlog\lib-link.read.1.tlog
c:\users\kuldeep\desktop\project2starter\project2starter\debug\project2starter.tlog\lib-link.write.1.tlog
c:\users\kuldeep\desktop\project2starter\project2starter\debug\project2starter.tlog\lib.command.1.tlog
