  AbstrSynTree.cpp
C:\OOD Projects\Project 2\Project2\Chinmay_Vanjare_Project2_968717712\Project2Starter\ScopeStack\ScopeStack.h(51,10): fatal error C1083: Cannot open include file: '../Logger/Logger.h': No such file or directory
  FileSystem.cpp
  GrammarHelpers.cpp
C:\OOD Projects\Project 2\Project2\Chinmay_Vanjare_Project2_968717712\Project2Starter\Tokenizer\Toker.h(39,10): fatal error C1083: Cannot open include file: '../CppProperties/Properties.h': No such file or directory
  Logger.cpp
c1xx : fatal error C1083: Cannot open source file: '..\Logger\Logger.cpp': No such file or directory
  ScopeStack.cpp
  Semi.cpp
C:\OOD Projects\Project 2\Project2\Chinmay_Vanjare_Project2_968717712\Project2Starter\Tokenizer\Toker.h(39,10): fatal error C1083: Cannot open include file: '../CppProperties/Properties.h': No such file or directory
  Toker.cpp
C:\OOD Projects\Project 2\Project2\Chinmay_Vanjare_Project2_968717712\Project2Starter\Tokenizer\Toker.h(39,10): fatal error C1083: Cannot open include file: '../CppProperties/Properties.h': No such file or directory
  Utilities.cpp
  ActionsAndRules.cpp
C:\OOD Projects\Project 2\Project2\Chinmay_Vanjare_Project2_968717712\Project2Starter\ScopeStack\ScopeStack.h(51,10): fatal error C1083: Cannot open include file: '../Logger/Logger.h': No such file or directory
  ConfigureParser.cpp
C:\OOD Projects\Project 2\Project2\Chinmay_Vanjare_Project2_968717712\Project2Starter\Tokenizer\Toker.h(39,10): fatal error C1083: Cannot open include file: '../CppProperties/Properties.h': No such file or directory
  Parser.cpp
C:\OOD Projects\Project 2\Project2\Chinmay_Vanjare_Project2_968717712\Project2Starter\Tokenizer\Toker.h(39,10): fatal error C1083: Cannot open include file: '../CppProperties/Properties.h': No such file or directory
  Generating Code...
